Days to get:  ['2022-01-21', '2022-01-22', '2022-01-23', '2022-01-24', '2022-01-25', '2022-01-26', '2022-01-27']
File name: Dealnews_Images_2022-01-21__2022-01-27.zip, File path: /mnt/volume-nyc3-01/Dealnews_Images/Dealnews_Images_2022-01-21__2022-01-27.zip
Finished: /mnt/volume-nyc3-01/Dealnews_Images/2022-01-21
Finished: /mnt/volume-nyc3-01/Dealnews_Images/2022-01-22
Finished: /mnt/volume-nyc3-01/Dealnews_Images/2022-01-23
Finished: /mnt/volume-nyc3-01/Dealnews_Images/2022-01-24
Finished: /mnt/volume-nyc3-01/Dealnews_Images/2022-01-25
Finished: /mnt/volume-nyc3-01/Dealnews_Images/2022-01-26
Finished: /mnt/volume-nyc3-01/Dealnews_Images/2022-01-27
Created: /mnt/volume-nyc3-01/Dealnews_Images/Dealnews_Images_2022-01-21__2022-01-27.zip
Response: None
Uploaded: /mnt/volume-nyc3-01/Dealnews_Images/Dealnews_Images_2022-01-21__2022-01-27.zip to do-mt-backups and Dealnews/Images/Dealnews_Images_2022-01-21__2022-01-27.zip
Deleted: /mnt/volume-nyc3-01/Dealnews_Images/Dealnews_Images_2022-01-21__2022-01-27.zip
Deleted: /mnt/volume-nyc3-01/Dealnews_Images/2022-01-21
Deleted: /mnt/volume-nyc3-01/Dealnews_Images/2022-01-22
Deleted: /mnt/volume-nyc3-01/Dealnews_Images/2022-01-23
Deleted: /mnt/volume-nyc3-01/Dealnews_Images/2022-01-24
Deleted: /mnt/volume-nyc3-01/Dealnews_Images/2022-01-25
Deleted: /mnt/volume-nyc3-01/Dealnews_Images/2022-01-26
Deleted: /mnt/volume-nyc3-01/Dealnews_Images/2022-01-27
